<?xml version="1.0" encoding="UTF-8"?>
<!-- Generated by org.testng.reporters.JUnitXMLReporter -->
<testsuite ignored="0" hostname="SAGAR" failures="0" tests="12" name="Default test" time="75.016" errors="0" timestamp="2022-09-16T17:10:43 IST">
  <testcase classname="com.TestNGinWebDr.CreateDeleteTASK" name="LaunchBrowser" time="4.177"/>
  <testcase classname="com.TestNGinWebDr.CreateDeleteTASK" name="navigate" time="6.033"/>
  <testcase classname="com.TestNGinWebDr.CreateDeleteTASK" name="login" time="2.388"/>
  <testcase classname="com.TestNGinWebDr.CreateDeleteTASK" name="minimizeflyoutwindow" time="2.097"/>
  <testcase classname="com.TestNGinWebDr.CreateDeleteTASK" name="createcustomer" time="13.35"/>
  <testcase classname="com.TestNGinWebDr.CreateDeleteTASK" name="createproject" time="10.698"/>
  <testcase classname="com.TestNGinWebDr.CreateDeleteTASK" name="createtask" time="21.484"/>
  <testcase classname="com.TestNGinWebDr.CreateDeleteTASK" name="deletetask" time="8.514"/>
  <testcase classname="com.TestNGinWebDr.CreateDeleteTASK" name="deleteproject" time="1.158"/>
  <testcase classname="com.TestNGinWebDr.CreateDeleteTASK" name="deletecustomer" time="1.094"/>
  <testcase classname="com.TestNGinWebDr.CreateDeleteTASK" name="logout" time="1.14"/>
  <testcase classname="com.TestNGinWebDr.CreateDeleteTASK" name="closeapplication" time="2.724"/>
</testsuite> <!-- Default test -->
