<?xml version="1.0" encoding="UTF-8"?>
<!-- Generated by org.testng.reporters.JUnitXMLReporter -->
<testsuite ignored="0" hostname="SAGAR" failures="0" tests="66" name="ActiTime Auto" time="372.937" errors="0" timestamp="2022-09-16T17:20:39 IST">
  <testcase classname="com.TestNGinWebDr.CreateDeleteTASK" name="LaunchBrowser" time="4.575"/>
  <testcase classname="com.TestNGinWebDr.CreateDeleteTASK" name="navigate" time="7.097"/>
  <testcase classname="com.TestNGinWebDr.CreateDeleteTASK" name="login" time="2.328"/>
  <testcase classname="com.TestNGinWebDr.CreateDeleteTASK" name="minimizeflyoutwindow" time="2.104"/>
  <testcase classname="com.TestNGinWebDr.CreateDeleteTASK" name="createcustomer" time="9.038"/>
  <testcase classname="com.TestNGinWebDr.CreateDeleteTASK" name="createproject" time="1.201"/>
  <testcase classname="com.TestNGinWebDr.CreateDeleteTASK" name="createtask" time="12.834"/>
  <testcase classname="com.TestNGinWebDr.CreateDeleteTASK" name="deleteproject" time="1.174"/>
  <testcase classname="com.TestNGinWebDr.CreateDeleteTASK" name="deletecustomer" time="5.985"/>
  <testcase classname="com.TestNGinWebDr.CreateDeleteTASK" name="logout" time="2.478"/>
  <testcase classname="com.TestNGinWebDr.CreateDeleteTASK" name="closeapplication" time="2.686"/>
  <testcase classname="com.TestNGinWebDr.CreateProject" name="LaunchBrowser" time="1.812"/>
  <testcase classname="com.TestNGinWebDr.CreateProject" name="navigate" time="6.592"/>
  <testcase classname="com.TestNGinWebDr.CreateProject" name="login" time="2.442"/>
  <testcase classname="com.TestNGinWebDr.CreateProject" name="minimizeflyoutwindow" time="2.111"/>
  <testcase classname="com.TestNGinWebDr.CreateProject" name="createcustomer" time="13.319"/>
  <testcase classname="com.TestNGinWebDr.CreateProject" name="createproject" time="1.16"/>
  <testcase classname="com.TestNGinWebDr.CreateProject" name="deleteproject" time="1.129"/>
  <testcase classname="com.TestNGinWebDr.CreateProject" name="deletecustomer" time="4.982"/>
  <testcase classname="com.TestNGinWebDr.CreateProject" name="logout" time="2.396"/>
  <testcase classname="com.TestNGinWebDr.CreateProject" name="closeapplication" time="2.514"/>
  <testcase classname="com.TestNGinWebDr.CreateUserTestNG" name="LaunchBrowser" time="1.682"/>
  <testcase classname="com.TestNGinWebDr.CreateUserTestNG" name="navigate" time="6.032"/>
  <testcase classname="com.TestNGinWebDr.CreateUserTestNG" name="login" time="2.325"/>
  <testcase classname="com.TestNGinWebDr.CreateUserTestNG" name="minimizeflyoutwindow" time="2.103"/>
  <testcase classname="com.TestNGinWebDr.CreateUserTestNG" name="createuser" time="13.193"/>
  <testcase classname="com.TestNGinWebDr.CreateUserTestNG" name="deleteuser" time="6.273"/>
  <testcase classname="com.TestNGinWebDr.CreateUserTestNG" name="logout" time="2.659"/>
  <testcase classname="com.TestNGinWebDr.CreateUserTestNG" name="closeapplication" time="2.442"/>
  <testcase classname="com.TestNGinWebDr.CreayeCustomer" name="LaunchBrowser" time="1.756"/>
  <testcase classname="com.TestNGinWebDr.CreayeCustomer" name="navigate" time="5.995"/>
  <testcase classname="com.TestNGinWebDr.CreayeCustomer" name="login" time="2.301"/>
  <testcase classname="com.TestNGinWebDr.CreayeCustomer" name="minimizeflyoutwindow" time="2.103"/>
  <testcase classname="com.TestNGinWebDr.CreayeCustomer" name="createcustomer" time="14.463"/>
  <testcase classname="com.TestNGinWebDr.CreayeCustomer" name="deletecustomer" time="1.177"/>
  <testcase classname="com.TestNGinWebDr.CreayeCustomer" name="logout" time="1.138"/>
  <testcase classname="com.TestNGinWebDr.CreayeCustomer" name="closeapplication" time="2.561"/>
  <testcase classname="com.TestNGinWebDr.ModifyCustomer" name="LaunchBrowser" time="1.949"/>
  <testcase classname="com.TestNGinWebDr.ModifyCustomer" name="navigate" time="16.888"/>
  <testcase classname="com.TestNGinWebDr.ModifyCustomer" name="login" time="10.468"/>
  <testcase classname="com.TestNGinWebDr.ModifyCustomer" name="minimizeflyoutwindow" time="10.414"/>
  <testcase classname="com.TestNGinWebDr.ModifyCustomer" name="createcustomer" time="10.432"/>
  <testcase classname="com.TestNGinWebDr.ModifyCustomer" name="modifycustomer" time="10.439"/>
  <testcase classname="com.TestNGinWebDr.ModifyCustomer" name="deletecustomer" time="10.42"/>
  <testcase classname="com.TestNGinWebDr.ModifyCustomer" name="logout" time="10.443"/>
  <testcase classname="com.TestNGinWebDr.ModifyCustomer" name="closeapplication" time="2.307"/>
  <testcase classname="com.TestNGinWebDr.ModifyProject" name="LaunchBrowser" time="1.572"/>
  <testcase classname="com.TestNGinWebDr.ModifyProject" name="navigate" time="6.049"/>
  <testcase classname="com.TestNGinWebDr.ModifyProject" name="login" time="2.307"/>
  <testcase classname="com.TestNGinWebDr.ModifyProject" name="minimizeflyoutwindow" time="2.103"/>
  <testcase classname="com.TestNGinWebDr.ModifyProject" name="createcustomer" time="13.451"/>
  <testcase classname="com.TestNGinWebDr.ModifyProject" name="createproject" time="10.698"/>
  <testcase classname="com.TestNGinWebDr.ModifyProject" name="modifyproject" time="6.61"/>
  <testcase classname="com.TestNGinWebDr.ModifyProject" name="deleteproject" time="11.543"/>
  <testcase classname="com.TestNGinWebDr.ModifyProject" name="deletecustomer" time="10.551"/>
  <testcase classname="com.TestNGinWebDr.ModifyProject" name="logout" time="2.361"/>
  <testcase classname="com.TestNGinWebDr.ModifyProject" name="closeapplication" time="2.456"/>
  <testcase classname="com.TestNGinWebDr.ModifyUserTestNG" name="LaunchBrowser" time="1.459"/>
  <testcase classname="com.TestNGinWebDr.ModifyUserTestNG" name="navigate" time="6.527"/>
  <testcase classname="com.TestNGinWebDr.ModifyUserTestNG" name="login" time="2.362"/>
  <testcase classname="com.TestNGinWebDr.ModifyUserTestNG" name="minimizeflyoutwindow" time="2.091"/>
  <testcase classname="com.TestNGinWebDr.ModifyUserTestNG" name="createuser" time="23.855"/>
  <testcase classname="com.TestNGinWebDr.ModifyUserTestNG" name="modifycustomer" time="13.638"/>
  <testcase classname="com.TestNGinWebDr.ModifyUserTestNG" name="deleteuser" time="6.254"/>
  <testcase classname="com.TestNGinWebDr.ModifyUserTestNG" name="logout" time="2.355"/>
  <testcase classname="com.TestNGinWebDr.ModifyUserTestNG" name="closeapplication" time="2.436"/>
</testsuite> <!-- ActiTime Auto -->
