<?xml version="1.0" encoding="UTF-8"?>
<testng-results ignored="0" total="66" passed="66" failed="0" skipped="0">
  <reporter-output>
  </reporter-output>
  <suite started-at="2022-09-16T17:14:26 IST" name="Automation" finished-at="2022-09-16T17:20:39 IST" duration-ms="372937">
    <groups>
    </groups>
    <test started-at="2022-09-16T17:14:26 IST" name="ActiTime Auto" finished-at="2022-09-16T17:20:39 IST" duration-ms="372937">
      <class name="com.TestNGinWebDr.CreateUserTestNG">
        <test-method signature="LaunchBrowser()[pri:1, instance:com.TestNGinWebDr.CreateUserTestNG@5ba3f27a]" started-at="2022-09-16T17:15:56 IST" name="LaunchBrowser" finished-at="2022-09-16T17:15:58 IST" duration-ms="1682" status="PASS">
          <reporter-output>
          </reporter-output>
        </test-method> <!-- LaunchBrowser -->
        <test-method signature="navigate()[pri:2, instance:com.TestNGinWebDr.CreateUserTestNG@5ba3f27a]" started-at="2022-09-16T17:15:58 IST" name="navigate" finished-at="2022-09-16T17:16:04 IST" duration-ms="6032" status="PASS">
          <reporter-output>
          </reporter-output>
        </test-method> <!-- navigate -->
        <test-method signature="login(java.lang.String,java.lang.String)[pri:3, instance:com.TestNGinWebDr.CreateUserTestNG@5ba3f27a]" started-at="2022-09-16T17:16:04 IST" name="login" data-provider="getlogindetails" finished-at="2022-09-16T17:16:06 IST" duration-ms="2325" status="PASS">
          <params>
            <param index="0">
              <value>
                <![CDATA[admin]]>
              </value>
            </param>
            <param index="1">
              <value>
                <![CDATA[manager]]>
              </value>
            </param>
          </params>
          <reporter-output>
          </reporter-output>
        </test-method> <!-- login -->
        <test-method signature="minimizeflyoutwindow()[pri:4, instance:com.TestNGinWebDr.CreateUserTestNG@5ba3f27a]" started-at="2022-09-16T17:16:06 IST" name="minimizeflyoutwindow" finished-at="2022-09-16T17:16:08 IST" duration-ms="2103" status="PASS">
          <reporter-output>
          </reporter-output>
        </test-method> <!-- minimizeflyoutwindow -->
        <test-method signature="createuser(java.lang.String,java.lang.String,java.lang.String,java.lang.String,java.lang.String,java.lang.String)[pri:5, instance:com.TestNGinWebDr.CreateUserTestNG@5ba3f27a]" started-at="2022-09-16T17:16:08 IST" name="createuser" data-provider="getuserdetails" finished-at="2022-09-16T17:16:22 IST" duration-ms="13193" status="PASS">
          <params>
            <param index="0">
              <value>
                <![CDATA[sagar]]>
              </value>
            </param>
            <param index="1">
              <value>
                <![CDATA[gowda]]>
              </value>
            </param>
            <param index="2">
              <value>
                <![CDATA[demo@gmail.com]]>
              </value>
            </param>
            <param index="3">
              <value>
                <![CDATA[SagarDN]]>
              </value>
            </param>
            <param index="4">
              <value>
                <![CDATA[Welcomehome1]]>
              </value>
            </param>
            <param index="5">
              <value>
                <![CDATA[Welcomehome1]]>
              </value>
            </param>
          </params>
          <reporter-output>
          </reporter-output>
        </test-method> <!-- createuser -->
        <test-method signature="deleteuser()[pri:6, instance:com.TestNGinWebDr.CreateUserTestNG@5ba3f27a]" started-at="2022-09-16T17:16:22 IST" name="deleteuser" finished-at="2022-09-16T17:16:28 IST" duration-ms="6273" status="PASS">
          <reporter-output>
          </reporter-output>
        </test-method> <!-- deleteuser -->
        <test-method signature="logout()[pri:7, instance:com.TestNGinWebDr.CreateUserTestNG@5ba3f27a]" started-at="2022-09-16T17:16:28 IST" name="logout" finished-at="2022-09-16T17:16:31 IST" duration-ms="2659" status="PASS">
          <reporter-output>
          </reporter-output>
        </test-method> <!-- logout -->
        <test-method signature="closeapplication()[pri:0, instance:com.TestNGinWebDr.CreateUserTestNG@5ba3f27a]" started-at="2022-09-16T17:16:31 IST" name="closeapplication" finished-at="2022-09-16T17:16:33 IST" depends-on-methods="com.TestNGinWebDr.CreateUserTestNG.logout" duration-ms="2442" status="PASS">
          <reporter-output>
          </reporter-output>
        </test-method> <!-- closeapplication -->
      </class> <!-- com.TestNGinWebDr.CreateUserTestNG -->
      <class name="com.TestNGinWebDr.ModifyUserTestNG">
        <test-method signature="LaunchBrowser()[pri:1, instance:com.TestNGinWebDr.ModifyUserTestNG@306e95ec]" started-at="2022-09-16T17:19:38 IST" name="LaunchBrowser" finished-at="2022-09-16T17:19:39 IST" duration-ms="1459" status="PASS">
          <reporter-output>
          </reporter-output>
        </test-method> <!-- LaunchBrowser -->
        <test-method signature="navigate()[pri:2, instance:com.TestNGinWebDr.ModifyUserTestNG@306e95ec]" started-at="2022-09-16T17:19:39 IST" name="navigate" finished-at="2022-09-16T17:19:46 IST" duration-ms="6527" status="PASS">
          <reporter-output>
          </reporter-output>
        </test-method> <!-- navigate -->
        <test-method signature="login(java.lang.String,java.lang.String)[pri:3, instance:com.TestNGinWebDr.ModifyUserTestNG@306e95ec]" started-at="2022-09-16T17:19:46 IST" name="login" data-provider="getlogindetails" finished-at="2022-09-16T17:19:48 IST" duration-ms="2362" status="PASS">
          <params>
            <param index="0">
              <value>
                <![CDATA[admin]]>
              </value>
            </param>
            <param index="1">
              <value>
                <![CDATA[manager]]>
              </value>
            </param>
          </params>
          <reporter-output>
          </reporter-output>
        </test-method> <!-- login -->
        <test-method signature="minimizeflyoutwindow()[pri:4, instance:com.TestNGinWebDr.ModifyUserTestNG@306e95ec]" started-at="2022-09-16T17:19:48 IST" name="minimizeflyoutwindow" finished-at="2022-09-16T17:19:50 IST" duration-ms="2091" status="PASS">
          <reporter-output>
          </reporter-output>
        </test-method> <!-- minimizeflyoutwindow -->
        <test-method signature="createuser(java.lang.String,java.lang.String,java.lang.String,java.lang.String,java.lang.String,java.lang.String)[pri:5, instance:com.TestNGinWebDr.ModifyUserTestNG@306e95ec]" started-at="2022-09-16T17:19:50 IST" name="createuser" data-provider="getuserdetails" finished-at="2022-09-16T17:20:14 IST" duration-ms="23855" status="PASS">
          <params>
            <param index="0">
              <value>
                <![CDATA[sagar]]>
              </value>
            </param>
            <param index="1">
              <value>
                <![CDATA[gowda]]>
              </value>
            </param>
            <param index="2">
              <value>
                <![CDATA[demo@gmail.com]]>
              </value>
            </param>
            <param index="3">
              <value>
                <![CDATA[SagarDN]]>
              </value>
            </param>
            <param index="4">
              <value>
                <![CDATA[Welcomehome1]]>
              </value>
            </param>
            <param index="5">
              <value>
                <![CDATA[Welcomehome1]]>
              </value>
            </param>
          </params>
          <reporter-output>
          </reporter-output>
        </test-method> <!-- createuser -->
        <test-method signature="modifycustomer(java.lang.String)[pri:6, instance:com.TestNGinWebDr.ModifyUserTestNG@306e95ec]" started-at="2022-09-16T17:20:14 IST" name="modifycustomer" data-provider="modifyuser" finished-at="2022-09-16T17:20:28 IST" duration-ms="13638" status="PASS">
          <params>
            <param index="0">
              <value>
                <![CDATA[appu@gmail.com]]>
              </value>
            </param>
          </params>
          <reporter-output>
          </reporter-output>
        </test-method> <!-- modifycustomer -->
        <test-method signature="deleteuser()[pri:7, instance:com.TestNGinWebDr.ModifyUserTestNG@306e95ec]" started-at="2022-09-16T17:20:28 IST" name="deleteuser" finished-at="2022-09-16T17:20:34 IST" duration-ms="6254" status="PASS">
          <reporter-output>
          </reporter-output>
        </test-method> <!-- deleteuser -->
        <test-method signature="logout()[pri:8, instance:com.TestNGinWebDr.ModifyUserTestNG@306e95ec]" started-at="2022-09-16T17:20:34 IST" name="logout" finished-at="2022-09-16T17:20:37 IST" duration-ms="2355" status="PASS">
          <reporter-output>
          </reporter-output>
        </test-method> <!-- logout -->
        <test-method signature="closeapplication()[pri:0, instance:com.TestNGinWebDr.ModifyUserTestNG@306e95ec]" started-at="2022-09-16T17:20:37 IST" name="closeapplication" finished-at="2022-09-16T17:20:39 IST" depends-on-methods="com.TestNGinWebDr.ModifyUserTestNG.logout" duration-ms="2436" status="PASS">
          <reporter-output>
          </reporter-output>
        </test-method> <!-- closeapplication -->
      </class> <!-- com.TestNGinWebDr.ModifyUserTestNG -->
      <class name="com.TestNGinWebDr.CreateDeleteTASK">
        <test-method signature="LaunchBrowser()[pri:1, instance:com.TestNGinWebDr.CreateDeleteTASK@20ccf40b]" started-at="2022-09-16T17:14:26 IST" name="LaunchBrowser" finished-at="2022-09-16T17:14:31 IST" duration-ms="4575" status="PASS">
          <reporter-output>
          </reporter-output>
        </test-method> <!-- LaunchBrowser -->
        <test-method signature="navigate()[pri:2, instance:com.TestNGinWebDr.CreateDeleteTASK@20ccf40b]" started-at="2022-09-16T17:14:31 IST" name="navigate" finished-at="2022-09-16T17:14:38 IST" duration-ms="7097" status="PASS">
          <reporter-output>
          </reporter-output>
        </test-method> <!-- navigate -->
        <test-method signature="login(java.lang.String,java.lang.String)[pri:3, instance:com.TestNGinWebDr.CreateDeleteTASK@20ccf40b]" started-at="2022-09-16T17:14:38 IST" name="login" data-provider="getlogindetails" finished-at="2022-09-16T17:14:40 IST" duration-ms="2328" status="PASS">
          <params>
            <param index="0">
              <value>
                <![CDATA[admin]]>
              </value>
            </param>
            <param index="1">
              <value>
                <![CDATA[manager]]>
              </value>
            </param>
          </params>
          <reporter-output>
          </reporter-output>
        </test-method> <!-- login -->
        <test-method signature="minimizeflyoutwindow()[pri:4, instance:com.TestNGinWebDr.CreateDeleteTASK@20ccf40b]" started-at="2022-09-16T17:14:40 IST" name="minimizeflyoutwindow" finished-at="2022-09-16T17:14:42 IST" duration-ms="2104" status="PASS">
          <reporter-output>
          </reporter-output>
        </test-method> <!-- minimizeflyoutwindow -->
        <test-method signature="createcustomer(java.lang.String,java.lang.String)[pri:5, instance:com.TestNGinWebDr.CreateDeleteTASK@20ccf40b]" started-at="2022-09-16T17:14:42 IST" name="createcustomer" data-provider="getcustomer" finished-at="2022-09-16T17:14:51 IST" duration-ms="9038" status="PASS">
          <params>
            <param index="0">
              <value>
                <![CDATA[KGF]]>
              </value>
            </param>
            <param index="1">
              <value>
                <![CDATA[Collected 1500 crore worldwide and became a pan india blockbuster movie]]>
              </value>
            </param>
          </params>
          <reporter-output>
          </reporter-output>
        </test-method> <!-- createcustomer -->
        <test-method signature="createproject(java.lang.String,java.lang.String)[pri:6, instance:com.TestNGinWebDr.CreateDeleteTASK@20ccf40b]" started-at="2022-09-16T17:14:51 IST" name="createproject" data-provider="getproject" finished-at="2022-09-16T17:14:53 IST" duration-ms="1201" status="PASS">
          <params>
            <param index="0">
              <value>
                <![CDATA[VikranthRona]]>
              </value>
            </param>
            <param index="1">
              <value>
                <![CDATA[it collected 200crore worldwide]]>
              </value>
            </param>
          </params>
          <reporter-output>
          </reporter-output>
        </test-method> <!-- createproject -->
        <test-method signature="createtask(java.lang.String,java.lang.String,java.lang.String,java.lang.String,java.lang.String)[pri:7, instance:com.TestNGinWebDr.CreateDeleteTASK@20ccf40b]" started-at="2022-09-16T17:14:53 IST" name="createtask" data-provider="getTask" finished-at="2022-09-16T17:15:05 IST" duration-ms="12834" status="PASS">
          <params>
            <param index="0">
              <value>
                <![CDATA[Rocky]]>
              </value>
            </param>
            <param index="1">
              <value>
                <![CDATA[Adheera]]>
              </value>
            </param>
            <param index="2">
              <value>
                <![CDATA[Kalashniakovv]]>
              </value>
            </param>
            <param index="3">
              <value>
                <![CDATA[rona]]>
              </value>
            </param>
            <param index="4">
              <value>
                <![CDATA[kamarottu]]>
              </value>
            </param>
          </params>
          <reporter-output>
          </reporter-output>
        </test-method> <!-- createtask -->
        <test-method signature="deleteproject()[pri:9, instance:com.TestNGinWebDr.CreateDeleteTASK@20ccf40b]" started-at="2022-09-16T17:15:05 IST" name="deleteproject" finished-at="2022-09-16T17:15:07 IST" duration-ms="1174" status="PASS">
          <reporter-output>
          </reporter-output>
        </test-method> <!-- deleteproject -->
        <test-method signature="deletecustomer()[pri:10, instance:com.TestNGinWebDr.CreateDeleteTASK@20ccf40b]" started-at="2022-09-16T17:15:07 IST" name="deletecustomer" finished-at="2022-09-16T17:15:13 IST" duration-ms="5985" status="PASS">
          <reporter-output>
          </reporter-output>
        </test-method> <!-- deletecustomer -->
        <test-method signature="logout()[pri:11, instance:com.TestNGinWebDr.CreateDeleteTASK@20ccf40b]" started-at="2022-09-16T17:15:13 IST" name="logout" finished-at="2022-09-16T17:15:15 IST" duration-ms="2478" status="PASS">
          <reporter-output>
          </reporter-output>
        </test-method> <!-- logout -->
        <test-method signature="closeapplication()[pri:0, instance:com.TestNGinWebDr.CreateDeleteTASK@20ccf40b]" started-at="2022-09-16T17:15:15 IST" name="closeapplication" finished-at="2022-09-16T17:15:18 IST" depends-on-methods="com.TestNGinWebDr.CreateDeleteTASK.logout" duration-ms="2686" status="PASS">
          <reporter-output>
          </reporter-output>
        </test-method> <!-- closeapplication -->
      </class> <!-- com.TestNGinWebDr.CreateDeleteTASK -->
      <class name="com.TestNGinWebDr.CreateProject">
        <test-method signature="LaunchBrowser()[pri:1, instance:com.TestNGinWebDr.CreateProject@21e360a]" started-at="2022-09-16T17:15:18 IST" name="LaunchBrowser" finished-at="2022-09-16T17:15:20 IST" duration-ms="1812" status="PASS">
          <reporter-output>
          </reporter-output>
        </test-method> <!-- LaunchBrowser -->
        <test-method signature="navigate()[pri:2, instance:com.TestNGinWebDr.CreateProject@21e360a]" started-at="2022-09-16T17:15:20 IST" name="navigate" finished-at="2022-09-16T17:15:26 IST" duration-ms="6592" status="PASS">
          <reporter-output>
          </reporter-output>
        </test-method> <!-- navigate -->
        <test-method signature="login(java.lang.String,java.lang.String)[pri:3, instance:com.TestNGinWebDr.CreateProject@21e360a]" started-at="2022-09-16T17:15:26 IST" name="login" data-provider="getlogindetails" finished-at="2022-09-16T17:15:29 IST" duration-ms="2442" status="PASS">
          <params>
            <param index="0">
              <value>
                <![CDATA[admin]]>
              </value>
            </param>
            <param index="1">
              <value>
                <![CDATA[manager]]>
              </value>
            </param>
          </params>
          <reporter-output>
          </reporter-output>
        </test-method> <!-- login -->
        <test-method signature="minimizeflyoutwindow()[pri:4, instance:com.TestNGinWebDr.CreateProject@21e360a]" started-at="2022-09-16T17:15:29 IST" name="minimizeflyoutwindow" finished-at="2022-09-16T17:15:31 IST" duration-ms="2111" status="PASS">
          <reporter-output>
          </reporter-output>
        </test-method> <!-- minimizeflyoutwindow -->
        <test-method signature="createcustomer(java.lang.String,java.lang.String)[pri:5, instance:com.TestNGinWebDr.CreateProject@21e360a]" started-at="2022-09-16T17:15:31 IST" name="createcustomer" data-provider="getcustomer" finished-at="2022-09-16T17:15:44 IST" duration-ms="13319" status="PASS">
          <params>
            <param index="0">
              <value>
                <![CDATA[KGF]]>
              </value>
            </param>
            <param index="1">
              <value>
                <![CDATA[Collected 1500 crore worldwide and became a pan india blockbuster movie]]>
              </value>
            </param>
          </params>
          <reporter-output>
          </reporter-output>
        </test-method> <!-- createcustomer -->
        <test-method signature="createproject(java.lang.String,java.lang.String)[pri:6, instance:com.TestNGinWebDr.CreateProject@21e360a]" started-at="2022-09-16T17:15:44 IST" name="createproject" data-provider="getproject" finished-at="2022-09-16T17:15:45 IST" duration-ms="1160" status="PASS">
          <params>
            <param index="0">
              <value>
                <![CDATA[VikranthRona]]>
              </value>
            </param>
            <param index="1">
              <value>
                <![CDATA[it collected 200crore worldwide]]>
              </value>
            </param>
          </params>
          <reporter-output>
          </reporter-output>
        </test-method> <!-- createproject -->
        <test-method signature="deleteproject()[pri:7, instance:com.TestNGinWebDr.CreateProject@21e360a]" started-at="2022-09-16T17:15:45 IST" name="deleteproject" finished-at="2022-09-16T17:15:46 IST" duration-ms="1129" status="PASS">
          <reporter-output>
          </reporter-output>
        </test-method> <!-- deleteproject -->
        <test-method signature="deletecustomer()[pri:8, instance:com.TestNGinWebDr.CreateProject@21e360a]" started-at="2022-09-16T17:15:46 IST" name="deletecustomer" finished-at="2022-09-16T17:15:51 IST" duration-ms="4982" status="PASS">
          <reporter-output>
          </reporter-output>
        </test-method> <!-- deletecustomer -->
        <test-method signature="logout()[pri:9, instance:com.TestNGinWebDr.CreateProject@21e360a]" started-at="2022-09-16T17:15:51 IST" name="logout" finished-at="2022-09-16T17:15:54 IST" duration-ms="2396" status="PASS">
          <reporter-output>
          </reporter-output>
        </test-method> <!-- logout -->
        <test-method signature="closeapplication()[pri:0, instance:com.TestNGinWebDr.CreateProject@21e360a]" started-at="2022-09-16T17:15:54 IST" name="closeapplication" finished-at="2022-09-16T17:15:56 IST" depends-on-methods="com.TestNGinWebDr.CreateProject.logout" duration-ms="2514" status="PASS">
          <reporter-output>
          </reporter-output>
        </test-method> <!-- closeapplication -->
      </class> <!-- com.TestNGinWebDr.CreateProject -->
      <class name="com.TestNGinWebDr.ModifyCustomer">
        <test-method signature="LaunchBrowser()[pri:1, instance:com.TestNGinWebDr.ModifyCustomer@74751b3]" started-at="2022-09-16T17:17:04 IST" name="LaunchBrowser" finished-at="2022-09-16T17:17:06 IST" duration-ms="1949" status="PASS">
          <reporter-output>
          </reporter-output>
        </test-method> <!-- LaunchBrowser -->
        <test-method signature="navigate()[pri:2, instance:com.TestNGinWebDr.ModifyCustomer@74751b3]" started-at="2022-09-16T17:17:06 IST" name="navigate" finished-at="2022-09-16T17:17:23 IST" duration-ms="16888" status="PASS">
          <reporter-output>
          </reporter-output>
        </test-method> <!-- navigate -->
        <test-method signature="login(java.lang.String,java.lang.String)[pri:3, instance:com.TestNGinWebDr.ModifyCustomer@74751b3]" started-at="2022-09-16T17:17:23 IST" name="login" data-provider="getlogindetails" finished-at="2022-09-16T17:17:34 IST" duration-ms="10468" status="PASS">
          <params>
            <param index="0">
              <value>
                <![CDATA[admin]]>
              </value>
            </param>
            <param index="1">
              <value>
                <![CDATA[manager]]>
              </value>
            </param>
          </params>
          <reporter-output>
          </reporter-output>
        </test-method> <!-- login -->
        <test-method signature="minimizeflyoutwindow()[pri:4, instance:com.TestNGinWebDr.ModifyCustomer@74751b3]" started-at="2022-09-16T17:17:34 IST" name="minimizeflyoutwindow" finished-at="2022-09-16T17:17:44 IST" duration-ms="10414" status="PASS">
          <reporter-output>
          </reporter-output>
        </test-method> <!-- minimizeflyoutwindow -->
        <test-method signature="createcustomer(java.lang.String,java.lang.String)[pri:5, instance:com.TestNGinWebDr.ModifyCustomer@74751b3]" started-at="2022-09-16T17:17:44 IST" name="createcustomer" data-provider="getcustomer" finished-at="2022-09-16T17:17:55 IST" duration-ms="10432" status="PASS">
          <params>
            <param index="0">
              <value>
                <![CDATA[KGF]]>
              </value>
            </param>
            <param index="1">
              <value>
                <![CDATA[Collected 1500 crore worldwide and became a pan india blockbuster movie]]>
              </value>
            </param>
          </params>
          <reporter-output>
          </reporter-output>
        </test-method> <!-- createcustomer -->
        <test-method signature="modifycustomer(java.lang.String)[pri:6, instance:com.TestNGinWebDr.ModifyCustomer@74751b3]" started-at="2022-09-16T17:17:55 IST" name="modifycustomer" data-provider="getmodifycustomer" finished-at="2022-09-16T17:18:05 IST" duration-ms="10439" status="PASS">
          <params>
            <param index="0">
              <value>
                <![CDATA[Collected 1500 crore worldwide and became a pan india blockbuster movie and become lifetime collected movies pof yash]]>
              </value>
            </param>
          </params>
          <reporter-output>
          </reporter-output>
        </test-method> <!-- modifycustomer -->
        <test-method signature="deletecustomer()[pri:7, instance:com.TestNGinWebDr.ModifyCustomer@74751b3]" started-at="2022-09-16T17:18:05 IST" name="deletecustomer" finished-at="2022-09-16T17:18:16 IST" duration-ms="10420" status="PASS">
          <reporter-output>
          </reporter-output>
        </test-method> <!-- deletecustomer -->
        <test-method signature="logout()[pri:8, instance:com.TestNGinWebDr.ModifyCustomer@74751b3]" started-at="2022-09-16T17:18:16 IST" name="logout" finished-at="2022-09-16T17:18:26 IST" duration-ms="10443" status="PASS">
          <reporter-output>
          </reporter-output>
        </test-method> <!-- logout -->
        <test-method signature="closeapplication()[pri:0, instance:com.TestNGinWebDr.ModifyCustomer@74751b3]" started-at="2022-09-16T17:18:26 IST" name="closeapplication" finished-at="2022-09-16T17:18:28 IST" depends-on-methods="com.TestNGinWebDr.ModifyCustomer.logout" duration-ms="2307" status="PASS">
          <reporter-output>
          </reporter-output>
        </test-method> <!-- closeapplication -->
      </class> <!-- com.TestNGinWebDr.ModifyCustomer -->
      <class name="com.TestNGinWebDr.ModifyProject">
        <test-method signature="LaunchBrowser()[pri:1, instance:com.TestNGinWebDr.ModifyProject@741a8937]" started-at="2022-09-16T17:18:28 IST" name="LaunchBrowser" finished-at="2022-09-16T17:18:30 IST" duration-ms="1572" status="PASS">
          <reporter-output>
          </reporter-output>
        </test-method> <!-- LaunchBrowser -->
        <test-method signature="navigate()[pri:2, instance:com.TestNGinWebDr.ModifyProject@741a8937]" started-at="2022-09-16T17:18:30 IST" name="navigate" finished-at="2022-09-16T17:18:36 IST" duration-ms="6049" status="PASS">
          <reporter-output>
          </reporter-output>
        </test-method> <!-- navigate -->
        <test-method signature="login(java.lang.String,java.lang.String)[pri:3, instance:com.TestNGinWebDr.ModifyProject@741a8937]" started-at="2022-09-16T17:18:36 IST" name="login" data-provider="getlogindetails" finished-at="2022-09-16T17:18:38 IST" duration-ms="2307" status="PASS">
          <params>
            <param index="0">
              <value>
                <![CDATA[admin]]>
              </value>
            </param>
            <param index="1">
              <value>
                <![CDATA[manager]]>
              </value>
            </param>
          </params>
          <reporter-output>
          </reporter-output>
        </test-method> <!-- login -->
        <test-method signature="minimizeflyoutwindow()[pri:4, instance:com.TestNGinWebDr.ModifyProject@741a8937]" started-at="2022-09-16T17:18:38 IST" name="minimizeflyoutwindow" finished-at="2022-09-16T17:18:40 IST" duration-ms="2103" status="PASS">
          <reporter-output>
          </reporter-output>
        </test-method> <!-- minimizeflyoutwindow -->
        <test-method signature="createcustomer(java.lang.String,java.lang.String)[pri:5, instance:com.TestNGinWebDr.ModifyProject@741a8937]" started-at="2022-09-16T17:18:40 IST" name="createcustomer" data-provider="getcustomer" finished-at="2022-09-16T17:18:54 IST" duration-ms="13451" status="PASS">
          <params>
            <param index="0">
              <value>
                <![CDATA[KGF]]>
              </value>
            </param>
            <param index="1">
              <value>
                <![CDATA[Collected 1500 crore worldwide and became a pan india blockbuster movie]]>
              </value>
            </param>
          </params>
          <reporter-output>
          </reporter-output>
        </test-method> <!-- createcustomer -->
        <test-method signature="createproject(java.lang.String,java.lang.String)[pri:6, instance:com.TestNGinWebDr.ModifyProject@741a8937]" started-at="2022-09-16T17:18:54 IST" name="createproject" data-provider="getproject" finished-at="2022-09-16T17:19:04 IST" duration-ms="10698" status="PASS">
          <params>
            <param index="0">
              <value>
                <![CDATA[VikranthRona]]>
              </value>
            </param>
            <param index="1">
              <value>
                <![CDATA[it collected 200crore worldwide]]>
              </value>
            </param>
          </params>
          <reporter-output>
          </reporter-output>
        </test-method> <!-- createproject -->
        <test-method signature="modifyproject(java.lang.String)[pri:7, instance:com.TestNGinWebDr.ModifyProject@741a8937]" started-at="2022-09-16T17:19:04 IST" name="modifyproject" data-provider="getmodifyproject" finished-at="2022-09-16T17:19:11 IST" duration-ms="6610" status="PASS">
          <params>
            <param index="0">
              <value>
                <![CDATA[It become highest collection in sudeep career]]>
              </value>
            </param>
          </params>
          <reporter-output>
          </reporter-output>
        </test-method> <!-- modifyproject -->
        <test-method signature="deleteproject()[pri:8, instance:com.TestNGinWebDr.ModifyProject@741a8937]" started-at="2022-09-16T17:19:11 IST" name="deleteproject" finished-at="2022-09-16T17:19:23 IST" duration-ms="11543" status="PASS">
          <reporter-output>
          </reporter-output>
        </test-method> <!-- deleteproject -->
        <test-method signature="deletecustomer()[pri:9, instance:com.TestNGinWebDr.ModifyProject@741a8937]" started-at="2022-09-16T17:19:23 IST" name="deletecustomer" finished-at="2022-09-16T17:19:33 IST" duration-ms="10551" status="PASS">
          <reporter-output>
          </reporter-output>
        </test-method> <!-- deletecustomer -->
        <test-method signature="logout()[pri:10, instance:com.TestNGinWebDr.ModifyProject@741a8937]" started-at="2022-09-16T17:19:33 IST" name="logout" finished-at="2022-09-16T17:19:36 IST" duration-ms="2361" status="PASS">
          <reporter-output>
          </reporter-output>
        </test-method> <!-- logout -->
        <test-method signature="closeapplication()[pri:0, instance:com.TestNGinWebDr.ModifyProject@741a8937]" started-at="2022-09-16T17:19:36 IST" name="closeapplication" finished-at="2022-09-16T17:19:38 IST" depends-on-methods="com.TestNGinWebDr.ModifyProject.logout" duration-ms="2456" status="PASS">
          <reporter-output>
          </reporter-output>
        </test-method> <!-- closeapplication -->
      </class> <!-- com.TestNGinWebDr.ModifyProject -->
      <class name="com.TestNGinWebDr.CreayeCustomer">
        <test-method signature="LaunchBrowser()[pri:1, instance:com.TestNGinWebDr.CreayeCustomer@58d75e99]" started-at="2022-09-16T17:16:33 IST" name="LaunchBrowser" finished-at="2022-09-16T17:16:35 IST" duration-ms="1756" status="PASS">
          <reporter-output>
          </reporter-output>
        </test-method> <!-- LaunchBrowser -->
        <test-method signature="navigate()[pri:2, instance:com.TestNGinWebDr.CreayeCustomer@58d75e99]" started-at="2022-09-16T17:16:35 IST" name="navigate" finished-at="2022-09-16T17:16:41 IST" duration-ms="5995" status="PASS">
          <reporter-output>
          </reporter-output>
        </test-method> <!-- navigate -->
        <test-method signature="login(java.lang.String,java.lang.String)[pri:3, instance:com.TestNGinWebDr.CreayeCustomer@58d75e99]" started-at="2022-09-16T17:16:41 IST" name="login" data-provider="getlogindetails" finished-at="2022-09-16T17:16:43 IST" duration-ms="2301" status="PASS">
          <params>
            <param index="0">
              <value>
                <![CDATA[admin]]>
              </value>
            </param>
            <param index="1">
              <value>
                <![CDATA[manager]]>
              </value>
            </param>
          </params>
          <reporter-output>
          </reporter-output>
        </test-method> <!-- login -->
        <test-method signature="minimizeflyoutwindow()[pri:4, instance:com.TestNGinWebDr.CreayeCustomer@58d75e99]" started-at="2022-09-16T17:16:43 IST" name="minimizeflyoutwindow" finished-at="2022-09-16T17:16:45 IST" duration-ms="2103" status="PASS">
          <reporter-output>
          </reporter-output>
        </test-method> <!-- minimizeflyoutwindow -->
        <test-method signature="createcustomer(java.lang.String,java.lang.String)[pri:5, instance:com.TestNGinWebDr.CreayeCustomer@58d75e99]" started-at="2022-09-16T17:16:45 IST" name="createcustomer" data-provider="getcustomer" finished-at="2022-09-16T17:17:00 IST" duration-ms="14463" status="PASS">
          <params>
            <param index="0">
              <value>
                <![CDATA[KGF]]>
              </value>
            </param>
            <param index="1">
              <value>
                <![CDATA[Collected 1500 crore worldwide and became a pan india blockbuster movie]]>
              </value>
            </param>
          </params>
          <reporter-output>
          </reporter-output>
        </test-method> <!-- createcustomer -->
        <test-method signature="deletecustomer()[pri:6, instance:com.TestNGinWebDr.CreayeCustomer@58d75e99]" started-at="2022-09-16T17:17:00 IST" name="deletecustomer" finished-at="2022-09-16T17:17:01 IST" duration-ms="1177" status="PASS">
          <reporter-output>
          </reporter-output>
        </test-method> <!-- deletecustomer -->
        <test-method signature="logout()[pri:7, instance:com.TestNGinWebDr.CreayeCustomer@58d75e99]" started-at="2022-09-16T17:17:01 IST" name="logout" finished-at="2022-09-16T17:17:02 IST" duration-ms="1138" status="PASS">
          <reporter-output>
          </reporter-output>
        </test-method> <!-- logout -->
        <test-method signature="closeapplication()[pri:0, instance:com.TestNGinWebDr.CreayeCustomer@58d75e99]" started-at="2022-09-16T17:17:02 IST" name="closeapplication" finished-at="2022-09-16T17:17:04 IST" depends-on-methods="com.TestNGinWebDr.CreayeCustomer.logout" duration-ms="2561" status="PASS">
          <reporter-output>
          </reporter-output>
        </test-method> <!-- closeapplication -->
      </class> <!-- com.TestNGinWebDr.CreayeCustomer -->
    </test> <!-- ActiTime Auto -->
  </suite> <!-- Automation -->
</testng-results>
